{"/Users/kasule/Desktop/todo-web/src/AddTodo/AddTodo.js": {"path":"/Users/kasule/Desktop/todo-web/src/AddTodo/AddTodo.js","statementMap":{"0":{"start":{"line":21,"column":22},"end":{"line":25,"column":1}},"1":{"start":{"line":27,"column":27},"end":{"line":116,"column":1}},"2":{"start":{"line":35,"column":2},"end":{"line":115,"column":5}},"3":{"start":{"line":118,"column":23},"end":{"line":163,"column":1}},"4":{"start":{"line":119,"column":19},"end":{"line":119,"column":32}},"5":{"start":{"line":120,"column":26},"end":{"line":120,"column":41}},"6":{"start":{"line":122,"column":22},"end":{"line":122,"column":42}},"7":{"start":{"line":122,"column":28},"end":{"line":122,"column":42}},"8":{"start":{"line":123,"column":21},"end":{"line":123,"column":40}},"9":{"start":{"line":123,"column":27},"end":{"line":123,"column":40}},"10":{"start":{"line":124,"column":23},"end":{"line":124,"column":56}},"11":{"start":{"line":126,"column":30},"end":{"line":126,"column":53}},"12":{"start":{"line":128,"column":23},"end":{"line":133,"column":3}},"13":{"start":{"line":129,"column":4},"end":{"line":129,"column":27}},"14":{"start":{"line":130,"column":19},"end":{"line":130,"column":31}},"15":{"start":{"line":131,"column":18},"end":{"line":131,"column":30}},"16":{"start":{"line":132,"column":4},"end":{"line":132,"column":65}},"17":{"start":{"line":132,"column":27},"end":{"line":132,"column":62}},"18":{"start":{"line":135,"column":23},"end":{"line":149,"column":3}},"19":{"start":{"line":136,"column":4},"end":{"line":136,"column":23}},"20":{"start":{"line":137,"column":47},"end":{"line":137,"column":53}},"21":{"start":{"line":138,"column":20},"end":{"line":142,"column":5}},"22":{"start":{"line":143,"column":4},"end":{"line":143,"column":37}},"23":{"start":{"line":144,"column":4},"end":{"line":144,"column":40}},"24":{"start":{"line":145,"column":4},"end":{"line":148,"column":5}},"25":{"start":{"line":146,"column":6},"end":{"line":146,"column":38}},"26":{"start":{"line":147,"column":6},"end":{"line":147,"column":20}},"27":{"start":{"line":151,"column":2},"end":{"line":162,"column":4}}},"fnMap":{"0":{"name":"(anonymous_0)","decl":{"start":{"line":27,"column":27},"end":{"line":27,"column":28}},"loc":{"start":{"line":35,"column":2},"end":{"line":115,"column":5}},"line":35},"1":{"name":"(anonymous_1)","decl":{"start":{"line":118,"column":23},"end":{"line":118,"column":24}},"loc":{"start":{"line":118,"column":29},"end":{"line":163,"column":1}},"line":118},"2":{"name":"(anonymous_2)","decl":{"start":{"line":122,"column":22},"end":{"line":122,"column":23}},"loc":{"start":{"line":122,"column":28},"end":{"line":122,"column":42}},"line":122},"3":{"name":"(anonymous_3)","decl":{"start":{"line":123,"column":21},"end":{"line":123,"column":22}},"loc":{"start":{"line":123,"column":27},"end":{"line":123,"column":40}},"line":123},"4":{"name":"(anonymous_4)","decl":{"start":{"line":128,"column":23},"end":{"line":128,"column":24}},"loc":{"start":{"line":128,"column":34},"end":{"line":133,"column":3}},"line":128},"5":{"name":"(anonymous_5)","decl":{"start":{"line":132,"column":14},"end":{"line":132,"column":15}},"loc":{"start":{"line":132,"column":27},"end":{"line":132,"column":62}},"line":132},"6":{"name":"(anonymous_6)","decl":{"start":{"line":135,"column":23},"end":{"line":135,"column":24}},"loc":{"start":{"line":135,"column":36},"end":{"line":149,"column":3}},"line":135}},"branchMap":{"0":{"loc":{"start":{"line":110,"column":84},"end":{"line":110,"column":142}},"type":"binary-expr","locations":[{"start":{"line":110,"column":84},"end":{"line":110,"column":100}},{"start":{"line":110,"column":104},"end":{"line":110,"column":123}},{"start":{"line":110,"column":127},"end":{"line":110,"column":142}}],"line":110},"1":{"loc":{"start":{"line":145,"column":4},"end":{"line":148,"column":5}},"type":"if","locations":[{"start":{"line":145,"column":4},"end":{"line":148,"column":5}},{"start":{"line":145,"column":4},"end":{"line":148,"column":5}}],"line":145}},"s":{"0":2,"1":2,"2":33,"3":2,"4":33,"5":33,"6":33,"7":0,"8":33,"9":3,"10":33,"11":33,"12":33,"13":21,"14":21,"15":21,"16":21,"17":21,"18":33,"19":1,"20":1,"21":1,"22":1,"23":1,"24":1,"25":0,"26":0,"27":33},"f":{"0":33,"1":33,"2":0,"3":3,"4":21,"5":21,"6":1},"b":{"0":[33,24,11],"1":[0,1]},"_coverageSchema":"1a1c01bbd47fc00a2c39e90264f33305004495a9","hash":"ee516322516ddf95ee717744e8b379ae982aa054"}
,"/Users/kasule/Desktop/todo-web/src/GetTodos/GetTodos.js": {"path":"/Users/kasule/Desktop/todo-web/src/GetTodos/GetTodos.js","statementMap":{"0":{"start":{"line":7,"column":17},"end":{"line":52,"column":1}},"1":{"start":{"line":8,"column":2},"end":{"line":51,"column":4}},"2":{"start":{"line":28,"column":50},"end":{"line":28,"column":74}},"3":{"start":{"line":54,"column":27},"end":{"line":98,"column":1}},"4":{"start":{"line":55,"column":16},"end":{"line":55,"column":43}},"5":{"start":{"line":56,"column":20},"end":{"line":56,"column":52}},"6":{"start":{"line":57,"column":19},"end":{"line":57,"column":32}},"7":{"start":{"line":60,"column":23},"end":{"line":67,"column":3}},"8":{"start":{"line":61,"column":4},"end":{"line":61,"column":20}},"9":{"start":{"line":62,"column":19},"end":{"line":62,"column":31}},"10":{"start":{"line":63,"column":18},"end":{"line":63,"column":76}},"11":{"start":{"line":64,"column":19},"end":{"line":64,"column":49}},"12":{"start":{"line":65,"column":4},"end":{"line":65,"column":58}},"13":{"start":{"line":66,"column":4},"end":{"line":66,"column":36}},"14":{"start":{"line":69,"column":23},"end":{"line":74,"column":3}},"15":{"start":{"line":70,"column":4},"end":{"line":70,"column":20}},"16":{"start":{"line":71,"column":4},"end":{"line":71,"column":41}},"17":{"start":{"line":72,"column":4},"end":{"line":72,"column":36}},"18":{"start":{"line":76,"column":2},"end":{"line":81,"column":17}},"19":{"start":{"line":77,"column":4},"end":{"line":77,"column":30}},"20":{"start":{"line":78,"column":4},"end":{"line":80,"column":6}},"21":{"start":{"line":79,"column":6},"end":{"line":79,"column":32}},"22":{"start":{"line":83,"column":2},"end":{"line":97,"column":4}},"23":{"start":{"line":87,"column":12},"end":{"line":89,"column":18}}},"fnMap":{"0":{"name":"(anonymous_0)","decl":{"start":{"line":7,"column":17},"end":{"line":7,"column":18}},"loc":{"start":{"line":7,"column":59},"end":{"line":52,"column":1}},"line":7},"1":{"name":"(anonymous_1)","decl":{"start":{"line":28,"column":43},"end":{"line":28,"column":44}},"loc":{"start":{"line":28,"column":50},"end":{"line":28,"column":74}},"line":28},"2":{"name":"(anonymous_2)","decl":{"start":{"line":54,"column":27},"end":{"line":54,"column":28}},"loc":{"start":{"line":54,"column":33},"end":{"line":98,"column":1}},"line":54},"3":{"name":"(anonymous_3)","decl":{"start":{"line":60,"column":23},"end":{"line":60,"column":24}},"loc":{"start":{"line":60,"column":40},"end":{"line":67,"column":3}},"line":60},"4":{"name":"(anonymous_4)","decl":{"start":{"line":69,"column":23},"end":{"line":69,"column":24}},"loc":{"start":{"line":69,"column":44},"end":{"line":74,"column":3}},"line":69},"5":{"name":"(anonymous_5)","decl":{"start":{"line":76,"column":18},"end":{"line":76,"column":19}},"loc":{"start":{"line":76,"column":24},"end":{"line":81,"column":3}},"line":76},"6":{"name":"(anonymous_6)","decl":{"start":{"line":78,"column":11},"end":{"line":78,"column":12}},"loc":{"start":{"line":78,"column":17},"end":{"line":80,"column":5}},"line":78},"7":{"name":"(anonymous_7)","decl":{"start":{"line":86,"column":20},"end":{"line":86,"column":21}},"loc":{"start":{"line":87,"column":12},"end":{"line":89,"column":18}},"line":87}},"branchMap":{"0":{"loc":{"start":{"line":11,"column":49},"end":{"line":11,"column":101}},"type":"cond-expr","locations":[{"start":{"line":11,"column":79},"end":{"line":11,"column":93}},{"start":{"line":11,"column":95},"end":{"line":11,"column":101}}],"line":11},"1":{"loc":{"start":{"line":20,"column":27},"end":{"line":20,"column":68}},"type":"cond-expr","locations":[{"start":{"line":20,"column":57},"end":{"line":20,"column":61}},{"start":{"line":20,"column":63},"end":{"line":20,"column":68}}],"line":20},"2":{"loc":{"start":{"line":63,"column":18},"end":{"line":63,"column":76}},"type":"cond-expr","locations":[{"start":{"line":63,"column":47},"end":{"line":63,"column":61}},{"start":{"line":63,"column":64},"end":{"line":63,"column":76}}],"line":63},"3":{"loc":{"start":{"line":64,"column":19},"end":{"line":64,"column":49}},"type":"cond-expr","locations":[{"start":{"line":64,"column":27},"end":{"line":64,"column":38}},{"start":{"line":64,"column":40},"end":{"line":64,"column":49}}],"line":64},"4":{"loc":{"start":{"line":85,"column":7},"end":{"line":91,"column":14}},"type":"cond-expr","locations":[{"start":{"line":86,"column":10},"end":{"line":90,"column":12}},{"start":{"line":91,"column":10},"end":{"line":91,"column":14}}],"line":85},"5":{"loc":{"start":{"line":93,"column":11},"end":{"line":93,"column":63}},"type":"binary-expr","locations":[{"start":{"line":93,"column":11},"end":{"line":93,"column":21}},{"start":{"line":93,"column":25},"end":{"line":93,"column":38}},{"start":{"line":93,"column":42},"end":{"line":93,"column":63}}],"line":93},"6":{"loc":{"start":{"line":94,"column":11},"end":{"line":94,"column":38}},"type":"binary-expr","locations":[{"start":{"line":94,"column":11},"end":{"line":94,"column":20}},{"start":{"line":94,"column":24},"end":{"line":94,"column":38}}],"line":94}},"s":{"0":2,"1":0,"2":0,"3":2,"4":4,"5":4,"6":4,"7":4,"8":0,"9":0,"10":0,"11":0,"12":0,"13":0,"14":4,"15":0,"16":0,"17":0,"18":4,"19":2,"20":2,"21":2,"22":4,"23":0},"f":{"0":0,"1":0,"2":4,"3":0,"4":0,"5":2,"6":2,"7":0},"b":{"0":[0,0],"1":[0,0],"2":[0,0],"3":[0,0],"4":[0,4],"5":[4,2,2],"6":[4,2]},"_coverageSchema":"1a1c01bbd47fc00a2c39e90264f33305004495a9","hash":"8751f700274d8750ef1165b3466697f191391d63"}
,"/Users/kasule/Desktop/todo-web/src/SelectTodos/SelectTodos.js": {"path":"/Users/kasule/Desktop/todo-web/src/SelectTodos/SelectTodos.js","statementMap":{"0":{"start":{"line":6,"column":26},"end":{"line":25,"column":1}},"1":{"start":{"line":7,"column":2},"end":{"line":24,"column":8}},"2":{"start":{"line":27,"column":26},"end":{"line":46,"column":1}},"3":{"start":{"line":28,"column":19},"end":{"line":28,"column":32}},"4":{"start":{"line":29,"column":29},"end":{"line":29,"column":41}},"5":{"start":{"line":31,"column":23},"end":{"line":40,"column":3}},"6":{"start":{"line":32,"column":4},"end":{"line":32,"column":20}},"7":{"start":{"line":33,"column":19},"end":{"line":33,"column":31}},"8":{"start":{"line":34,"column":18},"end":{"line":34,"column":44}},"9":{"start":{"line":35,"column":4},"end":{"line":35,"column":21}},"10":{"start":{"line":36,"column":4},"end":{"line":38,"column":5}},"11":{"start":{"line":37,"column":6},"end":{"line":37,"column":39}},"12":{"start":{"line":39,"column":4},"end":{"line":39,"column":47}},"13":{"start":{"line":41,"column":2},"end":{"line":45,"column":4}}},"fnMap":{"0":{"name":"(anonymous_0)","decl":{"start":{"line":6,"column":26},"end":{"line":6,"column":27}},"loc":{"start":{"line":7,"column":2},"end":{"line":24,"column":8}},"line":7},"1":{"name":"(anonymous_1)","decl":{"start":{"line":27,"column":26},"end":{"line":27,"column":27}},"loc":{"start":{"line":27,"column":32},"end":{"line":46,"column":1}},"line":27},"2":{"name":"(anonymous_2)","decl":{"start":{"line":31,"column":23},"end":{"line":31,"column":24}},"loc":{"start":{"line":31,"column":34},"end":{"line":40,"column":3}},"line":31}},"branchMap":{"0":{"loc":{"start":{"line":36,"column":4},"end":{"line":38,"column":5}},"type":"if","locations":[{"start":{"line":36,"column":4},"end":{"line":38,"column":5}},{"start":{"line":36,"column":4},"end":{"line":38,"column":5}}],"line":36}},"s":{"0":2,"1":2,"2":2,"3":1,"4":1,"5":1,"6":0,"7":0,"8":0,"9":0,"10":0,"11":0,"12":0,"13":1},"f":{"0":2,"1":1,"2":0},"b":{"0":[0,0]},"_coverageSchema":"1a1c01bbd47fc00a2c39e90264f33305004495a9","hash":"33c56ba449c1c9c0054ff0f8ade804578124b101"}
,"/Users/kasule/Desktop/todo-web/src/Todo/todoSlice.js": {"path":"/Users/kasule/Desktop/todo-web/src/Todo/todoSlice.js","statementMap":{"0":{"start":{"line":4,"column":32},"end":{"line":19,"column":1}},"1":{"start":{"line":21,"column":25},"end":{"line":41,"column":2}},"2":{"start":{"line":26,"column":6},"end":{"line":26,"column":37}},"3":{"start":{"line":29,"column":6},"end":{"line":29,"column":38}},"4":{"start":{"line":32,"column":6},"end":{"line":32,"column":46}},"5":{"start":{"line":35,"column":6},"end":{"line":35,"column":46}},"6":{"start":{"line":38,"column":6},"end":{"line":38,"column":46}},"7":{"start":{"line":50,"column":4},"end":{"line":50,"column":21}},"8":{"start":{"line":52,"column":26},"end":{"line":71,"column":1}},"9":{"start":{"line":52,"column":36},"end":{"line":71,"column":1}},"10":{"start":{"line":54,"column":2},"end":{"line":54,"column":36}},"11":{"start":{"line":55,"column":2},"end":{"line":70,"column":3}},"12":{"start":{"line":56,"column":4},"end":{"line":56,"column":31}},"13":{"start":{"line":57,"column":21},"end":{"line":61,"column":6}},"14":{"start":{"line":62,"column":4},"end":{"line":62,"column":38}},"15":{"start":{"line":63,"column":4},"end":{"line":63,"column":37}},"16":{"start":{"line":64,"column":4},"end":{"line":64,"column":38}},"17":{"start":{"line":65,"column":4},"end":{"line":65,"column":32}},"18":{"start":{"line":67,"column":4},"end":{"line":67,"column":38}},"19":{"start":{"line":68,"column":4},"end":{"line":68,"column":37}},"20":{"start":{"line":69,"column":4},"end":{"line":69,"column":32}},"21":{"start":{"line":73,"column":27},"end":{"line":89,"column":1}},"22":{"start":{"line":73,"column":39},"end":{"line":89,"column":1}},"23":{"start":{"line":74,"column":2},"end":{"line":88,"column":3}},"24":{"start":{"line":75,"column":4},"end":{"line":75,"column":31}},"25":{"start":{"line":76,"column":21},"end":{"line":79,"column":6}},"26":{"start":{"line":80,"column":4},"end":{"line":80,"column":37}},"27":{"start":{"line":81,"column":4},"end":{"line":81,"column":37}},"28":{"start":{"line":82,"column":4},"end":{"line":82,"column":38}},"29":{"start":{"line":83,"column":4},"end":{"line":83,"column":32}},"30":{"start":{"line":85,"column":4},"end":{"line":85,"column":38}},"31":{"start":{"line":86,"column":4},"end":{"line":86,"column":37}},"32":{"start":{"line":87,"column":4},"end":{"line":87,"column":32}},"33":{"start":{"line":91,"column":32},"end":{"line":107,"column":1}},"34":{"start":{"line":91,"column":48},"end":{"line":107,"column":1}},"35":{"start":{"line":92,"column":2},"end":{"line":106,"column":3}},"36":{"start":{"line":93,"column":4},"end":{"line":93,"column":31}},"37":{"start":{"line":94,"column":4},"end":{"line":98,"column":7}},"38":{"start":{"line":99,"column":4},"end":{"line":99,"column":37}},"39":{"start":{"line":100,"column":4},"end":{"line":100,"column":38}},"40":{"start":{"line":101,"column":4},"end":{"line":101,"column":32}},"41":{"start":{"line":103,"column":4},"end":{"line":103,"column":38}},"42":{"start":{"line":104,"column":4},"end":{"line":104,"column":37}},"43":{"start":{"line":105,"column":4},"end":{"line":105,"column":32}},"44":{"start":{"line":109,"column":32},"end":{"line":123,"column":1}},"45":{"start":{"line":109,"column":40},"end":{"line":123,"column":1}},"46":{"start":{"line":110,"column":2},"end":{"line":122,"column":3}},"47":{"start":{"line":111,"column":4},"end":{"line":111,"column":31}},"48":{"start":{"line":112,"column":17},"end":{"line":115,"column":6}},"49":{"start":{"line":116,"column":4},"end":{"line":116,"column":37}},"50":{"start":{"line":117,"column":4},"end":{"line":117,"column":38}},"51":{"start":{"line":118,"column":4},"end":{"line":118,"column":32}},"52":{"start":{"line":120,"column":4},"end":{"line":120,"column":38}},"53":{"start":{"line":121,"column":4},"end":{"line":121,"column":37}},"54":{"start":{"line":125,"column":30},"end":{"line":125,"column":60}},"55":{"start":{"line":125,"column":41},"end":{"line":125,"column":60}},"56":{"start":{"line":126,"column":35},"end":{"line":126,"column":73}},"57":{"start":{"line":126,"column":46},"end":{"line":126,"column":73}},"58":{"start":{"line":127,"column":36},"end":{"line":127,"column":66}},"59":{"start":{"line":127,"column":47},"end":{"line":127,"column":66}}},"fnMap":{"0":{"name":"(anonymous_0)","decl":{"start":{"line":25,"column":19},"end":{"line":25,"column":20}},"loc":{"start":{"line":25,"column":38},"end":{"line":27,"column":5}},"line":25},"1":{"name":"(anonymous_1)","decl":{"start":{"line":28,"column":17},"end":{"line":28,"column":18}},"loc":{"start":{"line":28,"column":36},"end":{"line":30,"column":5}},"line":28},"2":{"name":"(anonymous_2)","decl":{"start":{"line":31,"column":22},"end":{"line":31,"column":23}},"loc":{"start":{"line":31,"column":41},"end":{"line":33,"column":5}},"line":31},"3":{"name":"(anonymous_3)","decl":{"start":{"line":34,"column":22},"end":{"line":34,"column":23}},"loc":{"start":{"line":34,"column":41},"end":{"line":36,"column":5}},"line":34},"4":{"name":"(anonymous_4)","decl":{"start":{"line":37,"column":16},"end":{"line":37,"column":17}},"loc":{"start":{"line":37,"column":35},"end":{"line":39,"column":5}},"line":37},"5":{"name":"(anonymous_5)","decl":{"start":{"line":52,"column":26},"end":{"line":52,"column":27}},"loc":{"start":{"line":52,"column":36},"end":{"line":71,"column":1}},"line":52},"6":{"name":"(anonymous_6)","decl":{"start":{"line":52,"column":36},"end":{"line":52,"column":37}},"loc":{"start":{"line":52,"column":56},"end":{"line":71,"column":1}},"line":52},"7":{"name":"(anonymous_7)","decl":{"start":{"line":73,"column":27},"end":{"line":73,"column":28}},"loc":{"start":{"line":73,"column":39},"end":{"line":89,"column":1}},"line":73},"8":{"name":"(anonymous_8)","decl":{"start":{"line":73,"column":39},"end":{"line":73,"column":40}},"loc":{"start":{"line":73,"column":59},"end":{"line":89,"column":1}},"line":73},"9":{"name":"(anonymous_9)","decl":{"start":{"line":91,"column":32},"end":{"line":91,"column":33}},"loc":{"start":{"line":91,"column":48},"end":{"line":107,"column":1}},"line":91},"10":{"name":"(anonymous_10)","decl":{"start":{"line":91,"column":48},"end":{"line":91,"column":49}},"loc":{"start":{"line":91,"column":68},"end":{"line":107,"column":1}},"line":91},"11":{"name":"(anonymous_11)","decl":{"start":{"line":109,"column":32},"end":{"line":109,"column":33}},"loc":{"start":{"line":109,"column":40},"end":{"line":123,"column":1}},"line":109},"12":{"name":"(anonymous_12)","decl":{"start":{"line":109,"column":40},"end":{"line":109,"column":41}},"loc":{"start":{"line":109,"column":60},"end":{"line":123,"column":1}},"line":109},"13":{"name":"(anonymous_13)","decl":{"start":{"line":125,"column":30},"end":{"line":125,"column":31}},"loc":{"start":{"line":125,"column":41},"end":{"line":125,"column":60}},"line":125},"14":{"name":"(anonymous_14)","decl":{"start":{"line":126,"column":35},"end":{"line":126,"column":36}},"loc":{"start":{"line":126,"column":46},"end":{"line":126,"column":73}},"line":126},"15":{"name":"(anonymous_15)","decl":{"start":{"line":127,"column":36},"end":{"line":127,"column":37}},"loc":{"start":{"line":127,"column":47},"end":{"line":127,"column":66}},"line":127}},"branchMap":{},"s":{"0":5,"1":5,"2":1,"3":1,"4":3,"5":2,"6":7,"7":5,"8":5,"9":1,"10":1,"11":1,"12":1,"13":1,"14":0,"15":0,"16":0,"17":0,"18":1,"19":1,"20":1,"21":5,"22":6,"23":6,"24":6,"25":6,"26":1,"27":1,"28":1,"29":1,"30":1,"31":1,"32":1,"33":5,"34":1,"35":1,"36":1,"37":1,"38":0,"39":0,"40":0,"41":1,"42":1,"43":1,"44":5,"45":1,"46":1,"47":1,"48":1,"49":0,"50":0,"51":0,"52":1,"53":1,"54":5,"55":13,"56":5,"57":11,"58":5,"59":26},"f":{"0":1,"1":1,"2":3,"3":2,"4":7,"5":1,"6":1,"7":6,"8":6,"9":1,"10":1,"11":1,"12":1,"13":13,"14":11,"15":26},"b":{},"_coverageSchema":"1a1c01bbd47fc00a2c39e90264f33305004495a9","hash":"90bb464f8fd5c9857a308dcb10da0d09ad63dddb"}
,"/Users/kasule/Desktop/todo-web/src/axios/index.js": {"path":"/Users/kasule/Desktop/todo-web/src/axios/index.js","statementMap":{"0":{"start":{"line":3,"column":17},"end":{"line":5,"column":2}}},"fnMap":{},"branchMap":{},"s":{"0":5},"f":{},"b":{},"_coverageSchema":"1a1c01bbd47fc00a2c39e90264f33305004495a9","hash":"e0b5a6be857eef52e2750078df98a1cf13878860"}
,"/Users/kasule/Desktop/todo-web/src/redux/store.js": {"path":"/Users/kasule/Desktop/todo-web/src/redux/store.js","statementMap":{},"fnMap":{},"branchMap":{},"s":{},"f":{},"b":{},"_coverageSchema":"1a1c01bbd47fc00a2c39e90264f33305004495a9","hash":"9685910b85fedc43b8b032836f95877c2db4c497"}
}
