TN:
SF:src/AddTodo/AddTodo.js
FN:27,(anonymous_0)
FN:118,(anonymous_1)
FN:122,(anonymous_2)
FN:123,(anonymous_3)
FN:128,(anonymous_4)
FN:132,(anonymous_5)
FN:135,(anonymous_6)
FNF:7
FNH:6
FNDA:33,(anonymous_0)
FNDA:33,(anonymous_1)
FNDA:0,(anonymous_2)
FNDA:3,(anonymous_3)
FNDA:21,(anonymous_4)
FNDA:21,(anonymous_5)
FNDA:1,(anonymous_6)
DA:21,2
DA:27,2
DA:35,33
DA:118,2
DA:119,33
DA:120,33
DA:122,33
DA:123,33
DA:124,33
DA:126,33
DA:128,33
DA:129,21
DA:130,21
DA:131,21
DA:132,21
DA:135,33
DA:136,1
DA:137,1
DA:138,1
DA:143,1
DA:144,1
DA:145,1
DA:146,0
DA:147,0
DA:151,33
LF:25
LH:23
BRDA:110,0,0,33
BRDA:110,0,1,24
BRDA:110,0,2,11
BRDA:145,1,0,0
BRDA:145,1,1,1
BRF:5
BRH:4
end_of_record
TN:
SF:src/GetTodos/GetTodos.js
FN:7,(anonymous_0)
FN:28,(anonymous_1)
FN:54,(anonymous_2)
FN:60,(anonymous_3)
FN:69,(anonymous_4)
FN:76,(anonymous_5)
FN:78,(anonymous_6)
FN:86,(anonymous_7)
FNF:8
FNH:3
FNDA:0,(anonymous_0)
FNDA:0,(anonymous_1)
FNDA:4,(anonymous_2)
FNDA:0,(anonymous_3)
FNDA:0,(anonymous_4)
FNDA:2,(anonymous_5)
FNDA:2,(anonymous_6)
FNDA:0,(anonymous_7)
DA:7,2
DA:8,0
DA:28,0
DA:54,2
DA:55,4
DA:56,4
DA:57,4
DA:60,4
DA:61,0
DA:62,0
DA:63,0
DA:64,0
DA:65,0
DA:66,0
DA:69,4
DA:70,0
DA:71,0
DA:72,0
DA:76,4
DA:77,2
DA:78,2
DA:79,2
DA:83,4
DA:87,0
LF:24
LH:12
BRDA:11,0,0,0
BRDA:11,0,1,0
BRDA:20,1,0,0
BRDA:20,1,1,0
BRDA:63,2,0,0
BRDA:63,2,1,0
BRDA:64,3,0,0
BRDA:64,3,1,0
BRDA:85,4,0,0
BRDA:85,4,1,4
BRDA:93,5,0,4
BRDA:93,5,1,2
BRDA:93,5,2,2
BRDA:94,6,0,4
BRDA:94,6,1,2
BRF:15
BRH:6
end_of_record
TN:
SF:src/SelectTodos/SelectTodos.js
FN:6,(anonymous_0)
FN:27,(anonymous_1)
FN:31,(anonymous_2)
FNF:3
FNH:2
FNDA:2,(anonymous_0)
FNDA:1,(anonymous_1)
FNDA:0,(anonymous_2)
DA:6,2
DA:7,2
DA:27,2
DA:28,1
DA:29,1
DA:31,1
DA:32,0
DA:33,0
DA:34,0
DA:35,0
DA:36,0
DA:37,0
DA:39,0
DA:41,1
LF:14
LH:7
BRDA:36,0,0,0
BRDA:36,0,1,0
BRF:2
BRH:0
end_of_record
TN:
SF:src/Todo/todoSlice.js
FN:25,(anonymous_0)
FN:28,(anonymous_1)
FN:31,(anonymous_2)
FN:34,(anonymous_3)
FN:37,(anonymous_4)
FN:52,(anonymous_5)
FN:52,(anonymous_6)
FN:73,(anonymous_7)
FN:73,(anonymous_8)
FN:91,(anonymous_9)
FN:91,(anonymous_10)
FN:109,(anonymous_11)
FN:109,(anonymous_12)
FN:125,(anonymous_13)
FN:126,(anonymous_14)
FN:127,(anonymous_15)
FNF:16
FNH:16
FNDA:1,(anonymous_0)
FNDA:1,(anonymous_1)
FNDA:3,(anonymous_2)
FNDA:2,(anonymous_3)
FNDA:7,(anonymous_4)
FNDA:1,(anonymous_5)
FNDA:1,(anonymous_6)
FNDA:6,(anonymous_7)
FNDA:6,(anonymous_8)
FNDA:1,(anonymous_9)
FNDA:1,(anonymous_10)
FNDA:1,(anonymous_11)
FNDA:1,(anonymous_12)
FNDA:13,(anonymous_13)
FNDA:11,(anonymous_14)
FNDA:26,(anonymous_15)
DA:4,5
DA:21,5
DA:26,1
DA:29,1
DA:32,3
DA:35,2
DA:38,7
DA:50,5
DA:52,5
DA:54,1
DA:55,1
DA:56,1
DA:57,1
DA:62,0
DA:63,0
DA:64,0
DA:65,0
DA:67,1
DA:68,1
DA:69,1
DA:73,6
DA:74,6
DA:75,6
DA:76,6
DA:80,1
DA:81,1
DA:82,1
DA:83,1
DA:85,1
DA:86,1
DA:87,1
DA:91,5
DA:92,1
DA:93,1
DA:94,1
DA:99,0
DA:100,0
DA:101,0
DA:103,1
DA:104,1
DA:105,1
DA:109,5
DA:110,1
DA:111,1
DA:112,1
DA:116,0
DA:117,0
DA:118,0
DA:120,1
DA:121,1
DA:125,13
DA:126,11
DA:127,26
LF:53
LH:43
BRF:0
BRH:0
end_of_record
TN:
SF:src/axios/index.js
FNF:0
FNH:0
DA:3,5
LF:1
LH:1
BRF:0
BRH:0
end_of_record
TN:
SF:src/redux/store.js
FNF:0
FNH:0
LF:0
LH:0
BRF:0
BRH:0
end_of_record
